<?xml version="1.0" encoding="UTF-8"?>
<!-- Generated by org.testng.reporters.JUnitReportReporter -->
<testsuite hostname="DESKTOP-SRU0R49" failures="0" tests="9" name="codeinbx2.codeinbx2.AppTest" time="21.216" errors="0" timestamp="2025-04-25T22:04:15 EET" skipped="1">
  <testcase classname="codeinbx2.codeinbx2.AppTest" name="RadioButton" time="0.188"/>
  <testcase classname="codeinbx2.codeinbx2.AppTest" name="Dynamic_Dropdown" time="2.169"/>
  <testcase classname="codeinbx2.codeinbx2.AppTest" name="SelectTag" time="0.185"/>
  <testcase classname="codeinbx2.codeinbx2.AppTest" name="CheckBoxTag" time="0.179"/>
  <testcase classname="codeinbx2.codeinbx2.AppTest" name="SwitchWindow" time="3.222"/>
  <testcase classname="codeinbx2.codeinbx2.AppTest" name="AlertTest" time="12.668"/>
  <testcase classname="codeinbx2.codeinbx2.AppTest" name="TableTest" time="0.351"/>
  <testcase classname="codeinbx2.codeinbx2.AppTest" name="HideAndShow" time="2.254"/>
  <testcase classname="codeinbx2.codeinbx2.AppTest" name="SwitchTab">
    <skipped/>
  </testcase> <!-- SwitchTab -->
</testsuite> <!-- codeinbx2.codeinbx2.AppTest -->
